\BOOKMARK [1][-]{Doc-Start}{\376\377\000A\000b\000s\000t\000r\000a\000c\000t}{}% 1
\BOOKMARK [1][-]{Doc-Start}{\376\377\000T\000e\000r\000m\000s\000\040\000a\000n\000d\000\040\000a\000b\000b\000r\000e\000v\000i\000a\000t\000i\000o\000n\000s}{}% 2
\BOOKMARK [1][-]{Item.12}{\376\377\000I\000n\000t\000r\000o\000d\000u\000c\000t\000i\000o\000n}{}% 3
\BOOKMARK [1][-]{section.1}{\376\377\000A\000n\000a\000l\000y\000s\000i\000s\000\040\000o\000f\000\040\000D\000o\000m\000a\000i\000n}{}% 4
\BOOKMARK [2][-]{subsection.1.1}{\376\377\000P\000r\000o\000j\000e\000c\000t\000\040\000b\000a\000c\000k\000g\000r\000o\000u\000n\000d}{section.1}% 5
\BOOKMARK [2][-]{subsection.1.2}{\376\377\000M\000o\000t\000i\000v\000a\000t\000i\000o\000n\000\040\000a\000n\000d\000\040\000P\000r\000o\000b\000l\000e\000m\000\040\000S\000t\000a\000t\000e\000m\000e\000n\000t}{section.1}% 6
\BOOKMARK [2][-]{subsection.1.3}{\376\377\000I\000n\000t\000e\000n\000d\000e\000d\000\040\000A\000u\000d\000i\000e\000n\000c\000e}{section.1}% 7
\BOOKMARK [2][-]{subsection.1.4}{\376\377\000A\000n\000a\000l\000y\000s\000i\000s\000\040\000o\000f\000\040\000E\000x\000i\000s\000t\000i\000n\000g\000\040\000S\000y\000s\000t\000e\000m\000s}{section.1}% 8
\BOOKMARK [3][-]{subsubsection.1.4.1}{\376\377\000O\000v\000e\000r\000v\000i\000e\000w\000\040\000o\000f\000\040\000t\000h\000e\000\040\000S\000O\000D\000A\000\040\000A\000p\000p\000r\000o\000a\000c\000h\000\040\000a\000n\000d\000\040\000S\000O\000F\000A\000\040\000F\000r\000a\000m\000e\000w\000o\000r\000k}{subsection.1.4}% 9
\BOOKMARK [2][-]{subsection.1.5}{\376\377\000R\000e\000q\000u\000i\000r\000e\000m\000e\000n\000t\000s\000\040\000A\000n\000a\000l\000y\000s\000i\000s}{section.1}% 10
\BOOKMARK [3][-]{subsubsection.1.5.1}{\376\377\000F\000u\000n\000c\000t\000i\000o\000n\000a\000l\000\040\000R\000e\000q\000u\000i\000r\000e\000m\000e\000n\000t\000s}{subsection.1.5}% 11
\BOOKMARK [3][-]{subsubsection.1.5.2}{\376\377\000N\000o\000n\000-\000f\000u\000n\000c\000t\000i\000o\000n\000a\000l\000\040\000R\000e\000q\000u\000i\000r\000e\000m\000e\000n\000t\000s}{subsection.1.5}% 12
\BOOKMARK [2][-]{subsection.1.6}{\376\377\000G\000o\000a\000l\000s\000\040\000a\000n\000d\000\040\000O\000b\000j\000e\000c\000t\000i\000v\000e\000s}{section.1}% 13
\BOOKMARK [1][-]{section.2}{\376\377\000M\000e\000t\000h\000o\000d\000o\000l\000o\000g\000y\000\040\000a\000n\000d\000\040\000S\000y\000s\000t\000e\000m\000\040\000D\000e\000s\000i\000g\000n}{}% 14
\BOOKMARK [2][-]{subsection.2.1}{\376\377\000S\000y\000s\000t\000e\000m\000\040\000D\000e\000s\000i\000g\000n}{section.2}% 15
\BOOKMARK [2][-]{subsection.2.2}{\376\377\000S\000y\000s\000t\000e\000m\000\040\000A\000r\000c\000h\000i\000t\000e\000c\000t\000u\000r\000e}{section.2}% 16
\BOOKMARK [2][-]{subsection.2.3}{\376\377\000M\000e\000t\000h\000o\000d\000o\000l\000o\000g\000y}{section.2}% 17
\BOOKMARK [3][-]{subsubsection.2.3.1}{\376\377\000S\000e\000r\000v\000i\000c\000e\000-\000O\000r\000i\000e\000n\000t\000e\000d\000\040\000A\000r\000c\000h\000i\000t\000e\000c\000t\000u\000r\000e}{subsection.2.3}% 18
\BOOKMARK [3][-]{subsubsection.2.3.2}{\376\377\000E\000v\000e\000n\000t\000\040\000L\000o\000g\000s\000\040\000a\000n\000d\000\040\000T\000o\000o\000l\000s}{subsection.2.3}% 19
\BOOKMARK [3][-]{subsubsection.2.3.3}{\376\377\000R\000u\000l\000e\000-\000B\000a\000s\000e\000d\000\040\000S\000y\000s\000t\000e\000m\000s\000\040\000a\000n\000d\000\040\000D\000o\000m\000a\000i\000n\000-\000S\000y\000s\000t\000e\000m\000\040\000L\000a\000n\000g\000u\000a\000g\000e\000s}{subsection.2.3}% 20
\BOOKMARK [3][-]{subsubsection.2.3.4}{\376\377\000D\000S\000L\000\040\000I\000n\000t\000e\000r\000p\000r\000e\000t\000e\000r}{subsection.2.3}% 21
\BOOKMARK [2][-]{subsection.2.4}{\376\377\000A\000l\000g\000o\000r\000i\000t\000h\000m\000\040\000f\000o\000r\000\040\000T\000r\000a\000n\000s\000l\000a\000t\000i\000n\000g\000\040\000a\000\040\000R\000u\000l\000e\000\040\000C\000a\000r\000d\000\040\000i\000n\000t\000o\000\040\000a\000n\000\040\000S\000Q\000L\000\040\000Q\000u\000e\000r\000y}{section.2}% 22
\BOOKMARK [2][-]{subsection.2.5}{\376\377\000W\000o\000r\000k\000f\000l\000o\000w\000\040\000o\000f\000\040\000t\000h\000e\000\040\000D\000e\000v\000e\000l\000o\000p\000m\000e\000n\000t\000\040\000S\000y\000s\000t\000e\000m}{section.2}% 23
\BOOKMARK [1][-]{section.3}{\376\377\000S\000y\000s\000t\000e\000m\000\040\000I\000m\000p\000l\000e\000m\000e\000n\000t\000a\000t\000i\000o\000n}{}% 24
\BOOKMARK [2][-]{subsection.3.1}{\376\377\000T\000o\000o\000l\000s\000\040\000a\000n\000d\000\040\000T\000e\000c\000h\000n\000o\000l\000o\000g\000i\000e\000s}{section.3}% 25
\BOOKMARK [2][-]{subsection.3.2}{\376\377\000A\000n\000t\000i\000p\000a\000t\000t\000e\000r\000n\000s\000\040\000a\000n\000d\000\040\000S\000p\000e\000c\000i\000f\000i\000c\000a\000t\000i\000o\000n\000s}{section.3}% 26
\BOOKMARK [2][-]{subsection.3.3}{\376\377\000R\000u\000l\000e\000\040\000C\000a\000r\000d\000s}{section.3}% 27
\BOOKMARK [3][-]{subsubsection.3.3.1}{\376\377\000G\000r\000a\000m\000m\000a\000r}{subsection.3.3}% 28
\BOOKMARK [3][-]{subsubsection.3.3.2}{\376\377\000E\000x\000a\000m\000p\000l\000e\000s}{subsection.3.3}% 29
\BOOKMARK [2][-]{subsection.3.4}{\376\377\000I\000m\000p\000l\000e\000m\000e\000n\000t\000a\000t\000i\000o\000n\000\040\000S\000t\000r\000u\000c\000t\000u\000r\000e}{section.3}% 30
\BOOKMARK [3][-]{subsubsection.3.4.1}{\376\377\000O\000v\000e\000r\000v\000i\000e\000w}{subsection.3.4}% 31
\BOOKMARK [3][-]{subsubsection.3.4.2}{\376\377\000U\000I}{subsection.3.4}% 32
\BOOKMARK [3][-]{subsubsection.3.4.3}{\376\377\000S\000e\000r\000v\000i\000c\000e\000\040\000G\000e\000n\000e\000r\000a\000t\000o\000r}{subsection.3.4}% 33
\BOOKMARK [2][-]{subsection.3.5}{\376\377\000R\000e\000s\000u\000l\000t\000s\000\040\000A\000n\000a\000l\000y\000s\000i\000s}{section.3}% 34
\BOOKMARK [3][-]{subsubsection.3.5.1}{\376\377\000B\000o\000t\000t\000l\000e\000n\000e\000c\000k\000\040\000S\000e\000r\000v\000i\000c\000e\000\040\000A\000n\000a\000l\000y\000s\000i\000s}{subsection.3.5}% 35
\BOOKMARK [3][-]{subsubsection.3.5.2}{\376\377\000C\000h\000a\000t\000t\000y\000\040\000S\000e\000r\000v\000i\000c\000e\000\040\000A\000n\000a\000l\000y\000s\000i\000s}{subsection.3.5}% 36
\BOOKMARK [3][-]{subsubsection.3.5.3}{\376\377\000D\000u\000p\000l\000i\000c\000a\000t\000e\000d\000\040\000S\000e\000r\000v\000i\000c\000e\000\040\000A\000n\000a\000l\000y\000s\000i\000s}{subsection.3.5}% 37
\BOOKMARK [3][-]{subsubsection.3.5.4}{\376\377\000E\000v\000a\000l\000u\000a\000t\000i\000o\000n\000\040\000M\000e\000t\000r\000i\000c\000s\000:\000\040\000P\000r\000e\000c\000i\000s\000i\000o\000n\000\040\000a\000n\000d\000\040\000R\000e\000c\000a\000l\000l}{subsection.3.5}% 38
\BOOKMARK [1][-]{equation.3.2}{\376\377\000C\000o\000n\000c\000l\000u\000s\000i\000o\000n}{}% 39
\BOOKMARK [1][-]{equation.3.2}{\376\377\000R\000e\000f\000e\000r\000e\000n\000c\000e\000s}{}% 40
